<?xml version="1.0" encoding="UTF-8"?>
<!-- Generated by org.testng.reporters.JUnitReportReporter -->
<testsuite hostname="DESKTOP-UVQNT7S" failures="0" tests="1" name="com.Levi.Test.LaunchBrowser" time="2.420" errors="0" timestamp="2021-09-09T11:04:35 IST" skipped="0">
  <testcase classname="com.Levi.Test.LaunchBrowser" name="launchBrowserTest" time="2.420"/>
  <system-out/>
</testsuite> <!-- com.Levi.Test.LaunchBrowser -->
