<?xml version="1.0" encoding="UTF-8"?>
<!-- Generated by org.testng.reporters.JUnitReportReporter -->
<testsuite hostname="DESKTOP-UVQNT7S" failures="0" tests="1" name="com.Levi.Test.LocationSelection" time="8.864" errors="0" timestamp="2021-08-30T18:29:10 IST" skipped="0">
  <testcase classname="com.Levi.Test.LocationSelection" name="selectLocation" time="8.864"/>
  <system-out/>
</testsuite> <!-- com.Levi.Test.LocationSelection -->
