<?xml version="1.0" encoding="UTF-8"?>
<!-- Generated by org.testng.reporters.JUnitReportReporter -->
<testsuite hostname="DESKTOP-UVQNT7S" failures="0" tests="1" name="com.Levi.Test.ZaHomeTest" time="6.282" errors="0" timestamp="2021-08-30T18:29:10 IST" skipped="0">
  <testcase classname="com.Levi.Test.ZaHomeTest" name="ZaHomeTestMethod" time="6.282"/>
  <system-out/>
</testsuite> <!-- com.Levi.Test.ZaHomeTest -->
