<?xml version="1.0" encoding="UTF-8"?>
<!-- Generated by org.testng.reporters.JUnitReportReporter -->
<testsuite hostname="DESKTOP-UVQNT7S" failures="0" tests="1" name="com.Levi.Test.LaunchBrowser" time="4.527" errors="0" timestamp="2021-08-25T22:33:51 IST" skipped="0">
  <testcase classname="com.Levi.Test.LaunchBrowser" name="launchBrowserTest" time="4.527"/>
  <system-out/>
</testsuite> <!-- com.Levi.Test.LaunchBrowser -->
