<?xml version="1.0" encoding="UTF-8"?>
<!-- Generated by org.testng.reporters.JUnitReportReporter -->
<testsuite hostname="DESKTOP-UVQNT7S" failures="0" tests="1" name="com.Levi.Test.LocationSelection" time="6.498" errors="0" timestamp="2021-08-25T22:33:52 IST" skipped="0">
  <testcase classname="com.Levi.Test.LocationSelection" name="selectLocation" time="6.498"/>
  <system-out/>
</testsuite> <!-- com.Levi.Test.LocationSelection -->
