<?xml version="1.0" encoding="UTF-8"?>
<!-- Generated by org.testng.reporters.JUnitReportReporter -->
<testsuite hostname="DESKTOP-UVQNT7S" failures="0" tests="1" name="com.Levi.Test.LocationSelection" time="5.292" errors="0" timestamp="2021-09-09T11:04:35 IST" skipped="0">
  <testcase classname="com.Levi.Test.LocationSelection" name="selectLocation" time="5.292"/>
  <system-out/>
</testsuite> <!-- com.Levi.Test.LocationSelection -->
