<?xml version="1.0" encoding="UTF-8"?>
<!-- Generated by org.testng.reporters.JUnitReportReporter -->
<testsuite hostname="DESKTOP-UVQNT7S" failures="0" tests="1" name="com.Levi.Test.LaunchBrowser" time="2.314" errors="0" timestamp="2021-08-25T12:34:46 IST" skipped="0">
  <testcase classname="com.Levi.Test.LaunchBrowser" name="launchBrowserTest" time="2.314"/>
  <system-out/>
</testsuite> <!-- com.Levi.Test.LaunchBrowser -->
