<?xml version="1.0" encoding="UTF-8"?>
<!-- Generated by org.testng.reporters.JUnitReportReporter -->
<testsuite hostname="DESKTOP-UVQNT7S" failures="0" tests="1" name="com.Levi.Test.LocationSelection" time="4.475" errors="0" timestamp="2021-08-25T12:34:46 IST" skipped="0">
  <testcase classname="com.Levi.Test.LocationSelection" name="selectLocation" time="4.475"/>
  <system-out/>
</testsuite> <!-- com.Levi.Test.LocationSelection -->
